<?xml version="1.0" encoding="UTF-8"?>
<testsuite name="Cucumber" time="93.254" tests="1" skipped="0" failures="0" errors="0">
<testcase classname="Android Google Maps" name="Map Navigation - Example #1.1" time="92.412">
<system-out><![CDATA[
Given The user search "46.51523,-84.29121" in Google Maps...................passed
When The user enters "Your location" in the map.............................passed
Then Google Maps should start navigating from "Your location" to "46.51523,-84.29121".passed
]]></system-out>
</testcase>
</testsuite>
