<?xml version="1.0" encoding="UTF-8"?>
<testsuite name="Cucumber" time="37.431" tests="2" skipped="0" failures="1" errors="0">
<testcase classname="Web UI Testing" name="Chrome Online Shopping - Example #1.1" time="15.765">
<failure type="junit.framework.ComparisonFailure" message="expected:&lt;T[hank you for your order!]&gt; but was:&lt;T[HANK YOU FOR YOUR ORDER 2]&gt;">
<![CDATA[junit.framework.ComparisonFailure: expected:<T[hank you for your order!]> but was:<T[HANK YOU FOR YOUR ORDER 2]>
	at junit.framework.Assert.assertEquals(Assert.java:85)
	at junit.framework.Assert.assertEquals(Assert.java:91)
	at pageObjects.OnlineShoppingAppPage.verifyConfirmationMessage(OnlineShoppingAppPage.java:44)
	at steps.OnlineShoppingSteps.aConfirmationMessageShouldBeDisplayedOnTheScreen(OnlineShoppingSteps.java:34)
	at ✽.A confirmation message "THANK YOU FOR YOUR ORDER 2" should be displayed on the screen(file:///C:/Alfredo/PQA/Platorun/Platorun-Java-V1.0/src/test/resources/features/OnlineShopping.feature:10)
]]>
</failure>
<system-out><![CDATA[
Given I want to purchase items online using Google Chrome...................passed
And I login with my "standard_user" and "secret_sauce" credentials..........passed
And I add "Sauce Labs Bike Light" to my cart................................passed
And I checkout and fill in my "Johnny", "Bravo", "90210" shipping details...passed
When I continue and click Finish............................................passed
Then A confirmation message "THANK YOU FOR YOUR ORDER 2" should be displayed on the screen.failed
]]></system-out>
</testcase>
<testcase classname="Web UI Testing" name="Firefox Online Shopping - Example #1.1" time="20.862">
<system-out><![CDATA[
Given I want to purchase items online using Mozilla Firefox.................passed
And I login with my "standard_user" and "secret_sauce" credentials..........passed
And I add "Sauce Labs Bike Light" to my cart................................passed
And I checkout and fill in my "Johnny", "Bravo", "90210" shipping details...passed
When I continue and click Finish............................................passed
Then A confirmation message "Thank you for your order!" should be displayed on the screen.passed
]]></system-out>
</testcase>
</testsuite>
