<?xml version="1.0" encoding="UTF-8"?>
<testsuite xmlns:xsi="http://www.w3.org/2001/XMLSchema-instance" xsi:noNamespaceSchemaLocation="https://maven.apache.org/surefire/maven-surefire-plugin/xsd/surefire-test-report.xsd" name="TestSuite" time="143.668" tests="17" errors="0" skipped="0" failures="2">
  <properties>
[...]
</properties>
  <testcase name="runScenario" classname="runner.AllFeaturesRunner" time="1.421"/>
  <testcase name="runScenario" classname="runner.AllFeaturesRunner" time="0.209">
    <failure message="expected [1] but found [0]" type="java.lang.AssertionError">java.lang.AssertionError: expected [1] but found [0]
</failure>
    <system-out><![CDATA[
@RestAPITesting @device_Windows @author_Tester1
Scenario Outline: Weather By City                                           &amp#27;[90m# src/test/resources/features/CityWeatherAPI.feature:12&amp#27;[0m
  &amp#27;[32mGiven &amp#27;[0m&amp#27;[32mI need to know the weather of a specific City&amp#27;[0m                       &amp#27;[90m# steps.CityWeatherAPISteps.iNeedToKnowTheWeatherOfASpecificCity()&amp#27;[0m
  &amp#27;[32mWhen &amp#27;[0m&amp#27;[32mI enter &amp#27;[0m&amp#27;[32m&amp#27;[1m"Sault Ste. Marie"&amp#27;[0m&amp#27;[32m as the City&amp#27;[0m                               &amp#27;[90m# steps.CityWeatherAPISteps.iEnterWorldCityAsTheCity(java.lang.String)&amp#27;[0m
GET Response Code :: 502
  &amp#27;[31mThen &amp#27;[0m&amp#27;[31mThe API should provide me the current temperature in Degrees Celcius&amp#27;[0m &amp#27;[90m# steps.CityWeatherAPISteps.theAPIShouldProvideMeTheCurrentTemperatureInDegreesCelcius()&amp#27;[0m
      &amp#27;[31mjava.lang.AssertionError: expected [1] but found [0]
	at org.testng.Assert.fail(Assert.java:94)
	at org.testng.Assert.failNotEquals(Assert.java:494)
	at org.testng.Assert.assertEquals(Assert.java:123)
	at org.testng.Assert.assertEquals(Assert.java:176)
	at org.testng.Assert.assertEquals(Assert.java:186)
	at steps.CityWeatherAPISteps.theAPIShouldProvideMeTheCurrentTemperatureInDegreesCelcius(CityWeatherAPISteps.java:59)
	at âœ½.The API should provide me the current temperature in Degrees Celcius(file:///C:/Alfredo/PQA/Platorun/Platorun-Java-V1.0/src/test/resources/features/CityWeatherAPI.feature:7)
&amp#27;[0m
]]></system-out>
  </testcase>
  <testcase name="runScenario" classname="runner.AllFeaturesRunner" time="2.169"/>
  <testcase name="runScenario" classname="runner.AllFeaturesRunner" time="0.212"/>
  <testcase name="runScenario" classname="runner.AllFeaturesRunner" time="0.175"/>
  <testcase name="runScenario" classname="runner.AllFeaturesRunner" time="61.185"/>
  <testcase name="runScenario" classname="runner.AllFeaturesRunner" time="1.623"/>
  <testcase name="runScenario" classname="runner.AllFeaturesRunner" time="1.045"/>
  <testcase name="runScenario" classname="runner.AllFeaturesRunner" time="1.04"/>
  <testcase name="runScenario" classname="runner.AllFeaturesRunner" time="1.036"/>
  <testcase name="runScenario" classname="runner.AllFeaturesRunner" time="11.059">
    <failure message="expected:&lt;T[hank you for your order!]&gt; but was:&lt;T[HANK YOU FOR YOUR ORDER 2]&gt;" type="junit.framework.ComparisonFailure"><![CDATA[junit.framework.ComparisonFailure: expected:<T[hank you for your order!]> but was:<T[HANK YOU FOR YOUR ORDER 2]>
]]></failure>
    <system-out><![CDATA[
@SeleniumWebTesting @device_Chrome @author_Tester1
Scenario Outline: Chrome Online Shopping                                                     &amp#27;[90m# src/test/resources/features/OnlineShopping.feature:16&amp#27;[0m
  &amp#27;[32mGiven &amp#27;[0m&amp#27;[32mI want to purchase items online using Google Chrome&amp#27;[0m                                  &amp#27;[90m# steps.OnlineShoppingSteps.iWantToPurchaseItemsOnlineUsingGoogleChrome()&amp#27;[0m
  &amp#27;[32mAnd &amp#27;[0m&amp#27;[32mI login with my &amp#27;[0m&amp#27;[32m&amp#27;[1m"standard_user"&amp#27;[0m&amp#27;[32m and &amp#27;[0m&amp#27;[32m&amp#27;[1m"secret_sauce"&amp#27;[0m&amp#27;[32m credentials&amp#27;[0m                         &amp#27;[90m# steps.OnlineShoppingSteps.iLoginWithMyUsernameAndPasswordCredentials(java.lang.String,java.lang.String)&amp#27;[0m
  &amp#27;[32mAnd &amp#27;[0m&amp#27;[32mI add &amp#27;[0m&amp#27;[32m&amp#27;[1m"Sauce Labs Bike Light"&amp#27;[0m&amp#27;[32m to my cart&amp#27;[0m                                               &amp#27;[90m# steps.OnlineShoppingSteps.iAddTheItemToMyCart(java.lang.String)&amp#27;[0m
  &amp#27;[32mAnd &amp#27;[0m&amp#27;[32mI checkout and fill in my &amp#27;[0m&amp#27;[32m&amp#27;[1m"Johnny"&amp#27;[0m&amp#27;[32m, &amp#27;[0m&amp#27;[32m&amp#27;[1m"Bravo"&amp#27;[0m&amp#27;[32m, &amp#27;[0m&amp#27;[32m&amp#27;[1m"90210"&amp#27;[0m&amp#27;[32m shipping details&amp#27;[0m                  &amp#27;[90m# steps.OnlineShoppingSteps.iCheckoutAndFillInMyShippingDetails(java.lang.String,java.lang.String,java.lang.String)&amp#27;[0m
  &amp#27;[32mWhen &amp#27;[0m&amp#27;[32mI continue and click Finish&amp#27;[0m                                                           &amp#27;[90m# steps.OnlineShoppingSteps.iContinueAndClickFinish()&amp#27;[0m
  &amp#27;[31mThen &amp#27;[0m&amp#27;[31mA confirmation message &amp#27;[0m&amp#27;[31m&amp#27;[1m"THANK YOU FOR YOUR ORDER 2"&amp#27;[0m&amp#27;[31m should be displayed on the screen&amp#27;[0m &amp#27;[90m# steps.OnlineShoppingSteps.aConfirmationMessageShouldBeDisplayedOnTheScreen(java.lang.String)&amp#27;[0m
      &amp#27;[31mjunit.framework.ComparisonFailure: expected:<T[hank you for your order!]> but was:<T[HANK YOU FOR YOUR ORDER 2]>
	at junit.framework.Assert.assertEquals(Assert.java:85)
	at junit.framework.Assert.assertEquals(Assert.java:91)
	at pageObjects.OnlineShoppingAppPage.verifyConfirmationMessage(OnlineShoppingAppPage.java:42)
	at steps.OnlineShoppingSteps.aConfirmationMessageShouldBeDisplayedOnTheScreen(OnlineShoppingSteps.java:34)
	at âœ½.A confirmation message "THANK YOU FOR YOUR ORDER 2" should be displayed on the screen(file:///C:/Alfredo/PQA/Platorun/Platorun-Java-V1.0/src/test/resources/features/OnlineShopping.feature:12)
&amp#27;[0m

    Embedding Chrome Online Shopping [image/png 55867 bytes]

]]></system-out>
    <system-err><![CDATA[Starting ChromeDriver 119.0.6045.105 (38c72552c5e15ba9b3117c0967a0fd105072d7c6-refs/branch-heads/6045@{#1103}) on port 45558
Only local connections are allowed.
Please see https://chromedriver.chromium.org/security-considerations for suggestions on keeping ChromeDriver safe.
ChromeDriver was started successfully.
[1701982504.442][WARNING]: This version of ChromeDriver has not been tested with Chrome version 120.
Dec. 07, 2023 3:55:04 P.M. org.openqa.selenium.remote.ProtocolHandshake createSession
INFO: Detected dialect: W3C
]]></system-err>
  </testcase>
  <testcase name="runScenario" classname="runner.AllFeaturesRunner" time="14.365"/>
  <testcase name="runScenario" classname="runner.AllFeaturesRunner" time="1.328"/>
  <testcase name="runScenario" classname="runner.AllFeaturesRunner" time="1.04"/>
  <testcase name="runScenario" classname="runner.AllFeaturesRunner" time="1.034"/>
  <testcase name="runScenario" classname="runner.AllFeaturesRunner" time="1.042"/>
  <testcase name="runScenario" classname="runner.AllFeaturesRunner" time="37.191"/>
</testsuite>