<?xml version="1.0" encoding="UTF-8"?>
<!-- Generated by org.testng.reporters.JUnitReportReporter -->
<testsuite hostname="PQA-0551LT" failures="0" tests="13" name="runner.AllFeaturesRunner" time="68.857" errors="1" timestamp="10 Feb 2023 21:02:16 GMT">
  <testcase classname="runner.AllFeaturesRunner" name="runScenario" time="1.233"/>
  <testcase classname="runner.AllFeaturesRunner" name="runScenario" time="10.929">
    <error message="expected:&lt;...K YOU FOR YOUR ORDER[]&gt; but was:&lt;...K YOU FOR YOUR ORDER[ 2]&gt;" type="junit.framework.ComparisonFailure">
      <![CDATA[junit.framework.ComparisonFailure: expected:<...K YOU FOR YOUR ORDER[]> but was:<...K YOU FOR YOUR ORDER[ 2]>
	at junit.framework.Assert.assertEquals(Assert.java:85)
	at junit.framework.Assert.assertEquals(Assert.java:91)
	at pageObjects.OnlineShoppingAppPage.verifyConfirmationMessage(OnlineShoppingAppPage.java:44)
	at steps.OnlineShoppingSteps.aConfirmationMessageShouldBeDisplayedOnTheScreen(OnlineShoppingSteps.java:34)
	at ✽.A confirmation message "THANK YOU FOR YOUR ORDER 2" should be displayed on the screen(file:///C:/Alfredo/PythonVirtualEnv/AlfredoNatividad-PD56Qqbo/platorun.java/src/test/resources/features/OnlineShopping.feature:10)
]]>
    </error>
  </testcase> <!-- runScenario -->
  <testcase classname="runner.AllFeaturesRunner" name="runScenario" time="0.238"/>
  <testcase classname="runner.AllFeaturesRunner" name="runScenario" time="1.043"/>
  <testcase classname="runner.AllFeaturesRunner" name="runScenario" time="1.033"/>
  <testcase classname="runner.AllFeaturesRunner" name="runScenario" time="1.034"/>
  <testcase classname="runner.AllFeaturesRunner" name="runScenario" time="1.036"/>
  <testcase classname="runner.AllFeaturesRunner" name="runScenario" time="46.421"/>
  <testcase classname="runner.AllFeaturesRunner" name="runScenario" time="1.039"/>
  <testcase classname="runner.AllFeaturesRunner" name="runScenario" time="0.227"/>
  <testcase classname="runner.AllFeaturesRunner" name="runScenario" time="1.541"/>
  <testcase classname="runner.AllFeaturesRunner" name="runScenario" time="2.048"/>
  <testcase classname="runner.AllFeaturesRunner" name="runScenario" time="1.035"/>
</testsuite> <!-- runner.AllFeaturesRunner -->
